Vivado Simulator v2024.2.0
Copyright 1986-2022 Xilinx, Inc. All Rights Reserved.
Copyright 2022-2024 Advanced Micro Devices, Inc. All Rights Reserved.
Running: C:/Xilinx/Vivado/2024.2/bin/unwrapped/win64.o/xelab.exe --incr --debug typical --relax --mt 2 -L xil_defaultlib -L system_cache_v5_0_12 -L xbip_utils_v3_0_14 -L mult_gen_v12_0_22 -L lib_pkg_v1_0_4 -L lib_srl_fifo_v1_0_4 -L fifo_generator_v13_2_11 -L lib_fifo_v1_0_20 -L lib_cdc_v1_0_3 -L axi_datamover_v5_1_35 -L axi_sg_v4_1_19 -L axi_cdma_v4_1_33 -L generic_baseblocks_v2_1_2 -L axi_infrastructure_v1_1_0 -L axi_register_slice_v2_1_33 -L axi_data_fifo_v2_1_32 -L axi_crossbar_v2_1_34 -L axi_protocol_converter_v2_1_33 -L axi_mmu_v2_1_31 -L proc_sys_reset_v5_0_16 -L axi_bram_ctrl_v4_1_11 -L blk_mem_gen_v8_4_9 -L axi_apb_bridge_v3_0_20 -L unisims_ver -L unimacro_ver -L secureip -L xpm --snapshot System_wrapper_behav xil_defaultlib.System_wrapper xil_defaultlib.glbl -log elaborate.log 
Using 2 slave threads.
Starting static elaboration
Pass Through NonSizing Optimizer
WARNING: [VRFC 10-3091] actual bit length 64 differs from formal bit length 32 for port 'write_data2' [C:/Users/danhn/Documents/DA2/source/rtl/Core.v:54]
WARNING: [VRFC 10-3091] actual bit length 65 differs from formal bit length 33 for port 'mul_data' [C:/Users/danhn/Documents/DA2/source/rtl/Core.v:66]
WARNING: [VRFC 10-3091] actual bit length 65 differs from formal bit length 33 for port 'mul_data' [C:/Users/danhn/Documents/DA2/source/rtl/Core.v:76]
WARNING: [VRFC 10-3091] actual bit length 6 differs from formal bit length 9 for port 's_axi_bid' [C:/Users/danhn/Documents/DA2/source/KhoaLuan_ZynqUtra/KhoaLuan_ZynqUtra.ip_user_files/bd/System/sim/System.v:2168]
WARNING: [VRFC 10-3091] actual bit length 6 differs from formal bit length 9 for port 's_axi_rid' [C:/Users/danhn/Documents/DA2/source/KhoaLuan_ZynqUtra/KhoaLuan_ZynqUtra.ip_user_files/bd/System/sim/System.v:2173]
WARNING: [VRFC 10-5021] port 's0_axi_bid' is not connected on this instance [C:/Users/danhn/Documents/DA2/source/KhoaLuan_ZynqUtra/KhoaLuan_ZynqUtra.ip_user_files/bd/System/sim/System.v:322]
WARNING: [VRFC 10-5021] port 's0_axi_awready' is not connected on this instance [C:/Users/danhn/Documents/DA2/source/KhoaLuan_ZynqUtra/KhoaLuan_ZynqUtra.ip_user_files/bd/System/sim/System.v:437]
WARNING: [VRFC 10-5021] port 'cdma_introut' is not connected on this instance [C:/Users/danhn/Documents/DA2/source/KhoaLuan_ZynqUtra/KhoaLuan_ZynqUtra.ip_user_files/bd/System/sim/System.v:611]
WARNING: [VRFC 10-5021] port 'mb_reset' is not connected on this instance [C:/Users/danhn/Documents/DA2/source/KhoaLuan_ZynqUtra/KhoaLuan_ZynqUtra.ip_user_files/bd/System/sim/System.v:828]
WARNING: [VRFC 10-5021] port 'aclk2x' is not connected on this instance [/wrk/ci/prod/2024.2/sw/continuous/3059/packages/customer/vivado/data/ip/xilinx/axi_protocol_converter_v2_1/hdl/axi_protocol_converter_v2_1_vl_rfs.v:4855]
WARNING: [VRFC 10-5021] port 'aclk2x' is not connected on this instance [/wrk/ci/prod/2024.2/sw/continuous/3059/packages/customer/vivado/data/ip/xilinx/axi_protocol_converter_v2_1/hdl/axi_protocol_converter_v2_1_vl_rfs.v:5110]
WARNING: [VRFC 10-5021] port 'aclk2x' is not connected on this instance [/wrk/ci/prod/2024.2/sw/continuous/3059/packages/customer/vivado/data/ip/xilinx/axi_mmu_v2_1/hdl/axi_mmu_v2_1_vl_rfs.v:1152]
WARNING: [VRFC 10-5021] port 'aclk2x' is not connected on this instance [/wrk/ci/prod/2024.2/sw/continuous/3059/packages/customer/vivado/data/ip/xilinx/axi_crossbar_v2_1/hdl/axi_crossbar_v2_1_vl_rfs.v:3097]
Completed static elaboration
Starting simulation data flow analysis
WARNING: [XSIM 43-4099] "C:/Users/danhn/Documents/DA2/source/rtl/CDMA_Control.v" Line 1. Module CDMA_Control doesn't have a timescale but at least one module in design has a timescale.
WARNING: [XSIM 43-4099] "C:/Users/danhn/Documents/DA2/source/rtl/Core.v" Line 1. Module Core doesn't have a timescale but at least one module in design has a timescale.
WARNING: [XSIM 43-4099] "C:/Users/danhn/Documents/DA2/source/rtl/Instr_Decode.v" Line 2. Module Instr_Decode doesn't have a timescale but at least one module in design has a timescale.
WARNING: [XSIM 43-4099] "C:/Users/danhn/Documents/DA2/source/rtl/Imm_Extend.v" Line 2. Module Imm_Extend doesn't have a timescale but at least one module in design has a timescale.
WARNING: [XSIM 43-4099] "C:/Users/danhn/Documents/DA2/source/rtl/Register_File.v" Line 2. Module Register_File doesn't have a timescale but at least one module in design has a timescale.
WARNING: [XSIM 43-4099] "C:/Users/danhn/Documents/DA2/source/rtl/Branch_Excute.v" Line 2. Module Branch_Excute doesn't have a timescale but at least one module in design has a timescale.
WARNING: [XSIM 43-4099] "C:/Users/danhn/Documents/DA2/source/rtl/ScoreBoard.v" Line 1. Module ScoreBoard doesn't have a timescale but at least one module in design has a timescale.
WARNING: [XSIM 43-4099] "C:/Users/danhn/Documents/DA2/source/rtl/Issue_ALU.v" Line 1. Module Issue_ALU doesn't have a timescale but at least one module in design has a timescale.
WARNING: [XSIM 43-4099] "C:/Users/danhn/Documents/DA2/source/rtl/ALU.v" Line 1. Module ALU doesn't have a timescale but at least one module in design has a timescale.
WARNING: [XSIM 43-4099] "C:/Users/danhn/Documents/DA2/source/rtl/Issue_MUL.v" Line 1. Module Issue_MUL doesn't have a timescale but at least one module in design has a timescale.
WARNING: [XSIM 43-4099] "C:/Users/danhn/Documents/DA2/source/rtl/Issue_LSU.v" Line 1. Module Issue_LSU doesn't have a timescale but at least one module in design has a timescale.
WARNING: [XSIM 43-4099] "C:/Users/danhn/Documents/DA2/source/rtl/LSU.v" Line 1. Module LSU doesn't have a timescale but at least one module in design has a timescale.
WARNING: [XSIM 43-4099] "C:/Users/danhn/Documents/DA2/source/rtl/DCache_Controller.v" Line 1. Module DCache_Controller doesn't have a timescale but at least one module in design has a timescale.
WARNING: [XSIM 43-4099] "C:/Users/danhn/Documents/DA2/source/rtl/ICache_Controller.v" Line 1. Module ICache_Controller doesn't have a timescale but at least one module in design has a timescale.
WARNING: [XSIM 43-4099] "C:/Users/danhn/Documents/DA2/source/rtl/CDMA_Control.v" Line 1. Module CDMA_Control doesn't have a timescale but at least one module in design has a timescale.
WARNING: [XSIM 43-4099] "C:/Users/danhn/Documents/DA2/source/rtl/Core.v" Line 1. Module Core doesn't have a timescale but at least one module in design has a timescale.
WARNING: [XSIM 43-4099] "C:/Users/danhn/Documents/DA2/source/rtl/Instr_Decode.v" Line 2. Module Instr_Decode doesn't have a timescale but at least one module in design has a timescale.
WARNING: [XSIM 43-4099] "C:/Users/danhn/Documents/DA2/source/rtl/Imm_Extend.v" Line 2. Module Imm_Extend doesn't have a timescale but at least one module in design has a timescale.
WARNING: [XSIM 43-4099] "C:/Users/danhn/Documents/DA2/source/rtl/Register_File.v" Line 2. Module Register_File doesn't have a timescale but at least one module in design has a timescale.
WARNING: [XSIM 43-4099] "C:/Users/danhn/Documents/DA2/source/rtl/Branch_Excute.v" Line 2. Module Branch_Excute doesn't have a timescale but at least one module in design has a timescale.
WARNING: [XSIM 43-4099] "C:/Users/danhn/Documents/DA2/source/rtl/ScoreBoard.v" Line 1. Module ScoreBoard doesn't have a timescale but at least one module in design has a timescale.
WARNING: [XSIM 43-4099] "C:/Users/danhn/Documents/DA2/source/rtl/Issue_ALU.v" Line 1. Module Issue_ALU doesn't have a timescale but at least one module in design has a timescale.
WARNING: [XSIM 43-4099] "C:/Users/danhn/Documents/DA2/source/rtl/ALU.v" Line 1. Module ALU doesn't have a timescale but at least one module in design has a timescale.
WARNING: [XSIM 43-4099] "C:/Users/danhn/Documents/DA2/source/rtl/Issue_MUL.v" Line 1. Module Issue_MUL doesn't have a timescale but at least one module in design has a timescale.
WARNING: [XSIM 43-4099] "C:/Users/danhn/Documents/DA2/source/rtl/Issue_LSU.v" Line 1. Module Issue_LSU doesn't have a timescale but at least one module in design has a timescale.
WARNING: [XSIM 43-4099] "C:/Users/danhn/Documents/DA2/source/rtl/LSU.v" Line 1. Module LSU doesn't have a timescale but at least one module in design has a timescale.
WARNING: [XSIM 43-4099] "C:/Users/danhn/Documents/DA2/source/rtl/DCache_Controller.v" Line 1. Module DCache_Controller doesn't have a timescale but at least one module in design has a timescale.
WARNING: [XSIM 43-4099] "C:/Users/danhn/Documents/DA2/source/rtl/ICache_Controller.v" Line 1. Module ICache_Controller doesn't have a timescale but at least one module in design has a timescale.
Completed simulation data flow analysis
Time Resolution for simulation is 1ps
Compiling package std.standard
Compiling package std.textio
Compiling package ieee.std_logic_1164
Compiling package ieee.numeric_std
Compiling package system_cache_v5_0_12.system_cache_pkg
Compiling package system_cache_v5_0_12.system_cache_queue_pkg
Compiling package unisim.vcomponents
Compiling package ieee.vital_timing
Compiling package ieee.vital_primitives
Compiling package unisim.vpkg
Compiling package ieee.std_logic_arith
Compiling package ieee.std_logic_signed
Compiling package ieee.std_logic_textio
Compiling package ieee.std_logic_unsigned
Compiling package synopsys.attributes
Compiling package ieee.std_logic_misc
Compiling package lib_pkg_v1_0_4.lib_pkg
Compiling package xpm.vcomponents
Compiling package axi_bram_ctrl_v4_1_11.axi_bram_ctrl_funcs
Compiling package axi_cdma_v4_1_33.axi_cdma_pkg
Compiling package xbip_utils_v3_0_14.xbip_utils_v3_0_14_pkg
Compiling package mult_gen_v12_0_22.mult_gen_v12_0_22_viv_comp
Compiling package mult_gen_v12_0_22.mult_gen_v12_0_22_pkg
Compiling module xil_defaultlib.CDMA_Control
Compiling module xil_defaultlib.System_CDMA_Control_0_0
Compiling module xil_defaultlib.Instr_Decode
Compiling module xil_defaultlib.Imm_Extend
Compiling module xil_defaultlib.Register_File
Compiling module xil_defaultlib.Branch_Excute
Compiling module xil_defaultlib.ScoreBoard
Compiling module xil_defaultlib.Issue_ALU
Compiling module xil_defaultlib.ALU
Compiling module xil_defaultlib.Issue_MUL
Compiling module xil_defaultlib.Issue_LSU
Compiling module xil_defaultlib.LSU
Compiling module xil_defaultlib.Core
Compiling module xil_defaultlib.System_Core_0_0
Compiling architecture fdre_v of entity unisim.FDRE [fdre_default]
Compiling architecture imp of entity system_cache_v5_0_12.reg_ce [\reg_ce(c_target=zynquplus,c_is_...]
Compiling architecture imp of entity system_cache_v5_0_12.bit_reg_ce [\bit_reg_ce(c_target=zynquplus,c...]
Compiling architecture imp of entity system_cache_v5_0_12.sc_atc [\sc_atc(c_target=zynquplus,c_sta...]
Compiling architecture muxcy_v of entity unisim.MUXCY [muxcy_default]
Compiling architecture imp of entity system_cache_v5_0_12.carry_or_n [\carry_or_n(c_target=zynquplus)\]
Compiling architecture imp of entity system_cache_v5_0_12.carry_and [\carry_and(c_target=zynquplus)\]
Compiling architecture imp of entity system_cache_v5_0_12.carry_and_n [\carry_and_n(c_target=zynquplus)...]
Compiling architecture lut6_2_v of entity unisim.LUT6_2 [\LUT6_2(init="100111001010111101...]
Compiling architecture imp of entity system_cache_v5_0_12.MB_LUT6_2 [\MB_LUT6_2(c_target=zynquplus,in...]
Compiling architecture xorcy_v of entity unisim.XORCY [xorcy_default]
Compiling architecture imp of entity system_cache_v5_0_12.muxcy_xorcy [\muxcy_xorcy(c_target=zynquplus)...]
Compiling architecture fdse_v of entity unisim.FDSE [fdse_default]
Compiling architecture imp of entity system_cache_v5_0_12.MB_FDSE [\MB_FDSE(c_target=zynquplus)\]
Compiling architecture lut6_2_v of entity unisim.LUT6_2 [\LUT6_2(init="101111111010111101...]
Compiling architecture imp of entity system_cache_v5_0_12.MB_LUT6_2 [\MB_LUT6_2(c_target=zynquplus,in...]
Compiling architecture lut6_v of entity unisim.LUT6 [\LUT6(init="10111111101011110100...]
Compiling architecture imp of entity system_cache_v5_0_12.MB_LUT6 [\MB_LUT6(c_target=zynquplus,init...]
Compiling architecture imp of entity system_cache_v5_0_12.MB_XORCY [\MB_XORCY(c_target=zynquplus)\]
Compiling architecture imp of entity system_cache_v5_0_12.MB_FDRE [\MB_FDRE(c_target=zynquplus)\]
Compiling architecture imp of entity system_cache_v5_0_12.sc_srl_fifo_counter [\sc_srl_fifo_counter(c_target=zy...]
Compiling architecture imp of entity system_cache_v5_0_12.sc_srl_fifo_counter [\sc_srl_fifo_counter(c_target=zy...]
Compiling architecture imp of entity system_cache_v5_0_12.carry_or [\carry_or(c_target=zynquplus)\]
Compiling architecture imp of entity system_cache_v5_0_12.sc_srl_fifo_counter [\sc_srl_fifo_counter(c_target=zy...]
Compiling architecture imp of entity system_cache_v5_0_12.sc_s_axi_b_channel [\sc_s_axi_b_channel(c_target=zyn...]
Compiling architecture lut6_2_v of entity unisim.LUT6_2 [\LUT6_2(init="001000100010001011...]
Compiling architecture imp of entity system_cache_v5_0_12.MB_LUT6_2 [\MB_LUT6_2(c_target=zynquplus,in...]
Compiling architecture lut6_2_v of entity unisim.LUT6_2 [\LUT6_2(init="000011010000000000...]
Compiling architecture imp of entity system_cache_v5_0_12.MB_LUT6_2 [\MB_LUT6_2(c_target=zynquplus,in...]
Compiling architecture lut6_2_v of entity unisim.LUT6_2 [\LUT6_2(init="001011110010001000...]
Compiling architecture imp of entity system_cache_v5_0_12.MB_LUT6_2 [\MB_LUT6_2(c_target=zynquplus,in...]
Compiling architecture lut6_2_v of entity unisim.LUT6_2 [\LUT6_2(init="010100011010111010...]
Compiling architecture imp of entity system_cache_v5_0_12.MB_LUT6_2 [\MB_LUT6_2(c_target=zynquplus,in...]
Compiling architecture lut6_2_v of entity unisim.LUT6_2 [\LUT6_2(init="111111111010111000...]
Compiling architecture imp of entity system_cache_v5_0_12.MB_LUT6_2 [\MB_LUT6_2(c_target=zynquplus,in...]
Compiling architecture lut6_v of entity unisim.LUT6 [\LUT6(init="11111111101011100000...]
Compiling architecture imp of entity system_cache_v5_0_12.MB_LUT6 [\MB_LUT6(c_target=zynquplus,init...]
Compiling architecture imp of entity system_cache_v5_0_12.sc_srl_fifo_counter [\sc_srl_fifo_counter(c_target=zy...]
Compiling architecture and2b1l_v of entity unisim.AND2B1L [and2b1l_default]
Compiling architecture imp of entity system_cache_v5_0_12.carry_latch_and [\carry_latch_and(c_target=zynqup...]
Compiling architecture imp of entity system_cache_v5_0_12.sc_srl_fifo_counter [\sc_srl_fifo_counter(c_target=zy...]
Compiling architecture imp of entity system_cache_v5_0_12.sc_s_axi_r_channel [\sc_s_axi_r_channel(c_target=zyn...]
Compiling architecture imp of entity system_cache_v5_0_12.sc_s_axi_opt_interface [\sc_s_axi_opt_interface(c_target...]
Compiling architecture imp of entity system_cache_v5_0_12.sc_arbiter [\sc_arbiter(c_target=zynquplus,c...]
Compiling architecture imp of entity system_cache_v5_0_12.sc_access [\sc_access(c_target=zynquplus,c_...]
Compiling architecture imp of entity system_cache_v5_0_12.sc_front_end [\sc_front_end(c_target=zynquplus...]
Compiling architecture imp of entity system_cache_v5_0_12.sc_ram_module [\sc_ram_module(c_target=zynquplu...]
Compiling architecture imp of entity system_cache_v5_0_12.sc_integrity_generate [\sc_integrity_generate(c_target=...]
Compiling architecture imp of entity system_cache_v5_0_12.sc_integrity_check [\sc_integrity_check(c_target=zyn...]
Compiling architecture imp of entity system_cache_v5_0_12.sc_integrity_pipeline [\sc_integrity_pipeline(c_target=...]
Compiling architecture imp of entity system_cache_v5_0_12.sc_integrity_generate [\sc_integrity_generate(c_target=...]
Compiling module xpm.xpm_memory_base(MEMORY_SIZE=1310...
Compiling module xpm.xpm_memory_tdpram(MEMORY_SIZE=13...
Compiling architecture imp of entity system_cache_v5_0_12.sc_ram_module [\sc_ram_module(c_target=zynquplu...]
Compiling architecture imp of entity system_cache_v5_0_12.sc_integrity_generate [\sc_integrity_generate(c_target=...]
Compiling architecture imp of entity system_cache_v5_0_12.sc_integrity_check [\sc_integrity_check(c_target=zyn...]
Compiling architecture imp of entity system_cache_v5_0_12.sc_integrity_pipeline [\sc_integrity_pipeline(c_target=...]
Compiling architecture imp of entity system_cache_v5_0_12.sc_integrity_check [\sc_integrity_check(c_target=zyn...]
Compiling architecture imp of entity system_cache_v5_0_12.sc_integrity_pipeline [\sc_integrity_pipeline(c_target=...]
Compiling architecture imp of entity system_cache_v5_0_12.sc_integrity_generate [\sc_integrity_generate(c_target=...]
Compiling architecture imp of entity system_cache_v5_0_12.carry_compare [\carry_compare(c_target=zynquplu...]
Compiling architecture imp of entity system_cache_v5_0_12.carry_latch_and [\carry_latch_and(c_target=zynqup...]
Compiling architecture imp of entity system_cache_v5_0_12.sc_access_buffer [\sc_access_buffer(c_target=zynqu...]
Compiling architecture imp of entity system_cache_v5_0_12.carry_or_n [\carry_or_n(c_bypass=true,c_targ...]
Compiling architecture imp of entity system_cache_v5_0_12.carry_and_n [\carry_and_n(c_bypass=true,c_tar...]
Compiling architecture or2l_v of entity unisim.OR2L [or2l_default]
Compiling architecture imp of entity system_cache_v5_0_12.carry_latch_or [\carry_latch_or(c_target=zynqupl...]
Compiling architecture imp of entity system_cache_v5_0_12.reg_ce [\reg_ce(c_target=zynquplus,c_is_...]
Compiling architecture imp of entity system_cache_v5_0_12.bit_reg_ce [\bit_reg_ce(c_target=zynquplus,c...]
Compiling architecture imp of entity system_cache_v5_0_12.carry_or [\carry_or(c_keep=true,c_target=z...]
Compiling architecture imp of entity system_cache_v5_0_12.carry_select_or [\carry_select_or(c_target=zynqup...]
Compiling architecture imp of entity system_cache_v5_0_12.carry_compare [\carry_compare(c_target=zynquplu...]
Compiling architecture imp of entity system_cache_v5_0_12.carry_and [\carry_and(c_keep=true,c_target=...]
Compiling architecture imp of entity system_cache_v5_0_12.carry_compare_const [\carry_compare_const(c_target=zy...]
Compiling architecture imp of entity system_cache_v5_0_12.carry_and_di [\carry_and_di(c_target=zynquplus...]
Compiling architecture imp of entity system_cache_v5_0_12.carry_compare_const [\carry_compare_const(c_keep=true...]
Compiling architecture imp of entity system_cache_v5_0_12.carry_compare_const [\carry_compare_const(c_keep=true...]
Compiling architecture imp of entity system_cache_v5_0_12.carry_latch_or [\carry_latch_or(c_target=zynqupl...]
Compiling architecture imp of entity system_cache_v5_0_12.carry_vec_or [\carry_vec_or(c_target=zynquplus...]
Compiling architecture imp of entity system_cache_v5_0_12.carry_vec_and_n [\carry_vec_and_n(c_target=zynqup...]
Compiling architecture imp of entity system_cache_v5_0_12.carry_select_and_n [\carry_select_and_n(c_target=zyn...]
Compiling architecture imp of entity system_cache_v5_0_12.carry_compare_const [\carry_compare_const(c_target=zy...]
Compiling architecture imp of entity system_cache_v5_0_12.carry_select_and [\carry_select_and(c_target=zynqu...]
Compiling architecture imp of entity system_cache_v5_0_12.carry_select_or [\carry_select_or(c_target=zynqup...]
Compiling architecture imp of entity system_cache_v5_0_12.carry_compare_const [\carry_compare_const(c_target=zy...]
Compiling architecture imp of entity system_cache_v5_0_12.carry_vec_or [\carry_vec_or(c_target=zynquplus...]
Compiling architecture imp of entity system_cache_v5_0_12.carry_select_and_n [\carry_select_and_n(c_target=zyn...]
Compiling architecture imp of entity system_cache_v5_0_12.carry_vec_or [\carry_vec_or(c_target=zynquplus...]
Compiling architecture imp of entity system_cache_v5_0_12.carry_select_or_n [\carry_select_or_n(c_target=zynq...]
Compiling architecture imp of entity system_cache_v5_0_12.sc_lookup [\sc_lookup(c_target=zynquplus,c_...]
Compiling architecture imp of entity system_cache_v5_0_12.carry_latch_and_n [\carry_latch_and_n(c_target=zynq...]
Compiling architecture imp of entity system_cache_v5_0_12.carry_latch_and_n [\carry_latch_and_n(c_target=zynq...]
Compiling architecture imp of entity system_cache_v5_0_12.sc_srl_fifo_counter [\sc_srl_fifo_counter(c_target=zy...]
Compiling architecture imp of entity system_cache_v5_0_12.sc_srl_fifo_counter [\sc_srl_fifo_counter(c_target=zy...]
Compiling architecture imp of entity system_cache_v5_0_12.carry_piperun_step [\carry_piperun_step(c_target=zyn...]
Compiling architecture imp of entity system_cache_v5_0_12.carry_latch_and_n [\carry_latch_and_n(c_target=zynq...]
Compiling architecture imp of entity system_cache_v5_0_12.sc_update [\sc_update(c_target=zynquplus,c_...]
Compiling architecture rtl of entity system_cache_v5_0_12.sc_lru_calculate [\sc_lru_calculate(c_tree_size=1,...]
Compiling architecture rb36_internal_vhdl_v of entity unisim.RB36_INTERNAL_VHDL [\RB36_INTERNAL_VHDL(init_a="0000...]
Compiling architecture ramb36e1_v of entity unisim.RAMB36E1 [\RAMB36E1(read_width_a=36,read_w...]
Compiling architecture imp of entity system_cache_v5_0_12.sc_ram_module [\sc_ram_module(c_target=zynquplu...]
Compiling architecture imp of entity system_cache_v5_0_12.sc_lru_module [\sc_lru_module(c_target=zynquplu...]
Compiling architecture imp of entity system_cache_v5_0_12.sc_cache_core [\sc_cache_core(c_target=zynquplu...]
Compiling architecture imp of entity system_cache_v5_0_12.sc_m_axi_interface [\sc_m_axi_interface(c_target=zyn...]
Compiling architecture imp of entity system_cache_v5_0_12.comparator [\comparator(c_target=zynquplus,c...]
Compiling architecture imp of entity system_cache_v5_0_12.comparator [\comparator(c_target=zynquplus,c...]
Compiling architecture imp of entity system_cache_v5_0_12.comparator [\comparator(c_target=zynquplus,c...]
Compiling architecture imp of entity system_cache_v5_0_12.sc_srl_fifo_counter [\sc_srl_fifo_counter(c_target=zy...]
Compiling architecture imp of entity system_cache_v5_0_12.sc_srl_fifo_counter [\sc_srl_fifo_counter(c_target=zy...]
Compiling architecture imp of entity system_cache_v5_0_12.sc_axi_transaction_ordering [\sc_axi_transaction_ordering(c_t...]
Compiling architecture imp of entity system_cache_v5_0_12.sc_crossbar [\sc_crossbar(c_target=zynquplus,...]
Compiling architecture imp of entity system_cache_v5_0_12.sc_back_end [\sc_back_end(c_target=zynquplus,...]
Compiling architecture imp of entity system_cache_v5_0_12.sc_s_axi_ctrl_interface [\sc_s_axi_ctrl_interface(c_targe...]
Compiling architecture imp of entity system_cache_v5_0_12.sc_control [\sc_control(c_target=zynquplus,c...]
Compiling architecture imp of entity system_cache_v5_0_12.system_cache [\system_cache(c_family="zynquplu...]
Compiling architecture system_system_cache_0_1_arch of entity xil_defaultlib.System_system_cache_0_1 [system_system_cache_0_1_default]
Compiling module xil_defaultlib.DCache_Controller
Compiling module xil_defaultlib.System_DCache_Controller_0_0
Compiling architecture system_system_cache_0_0_arch of entity xil_defaultlib.System_system_cache_0_0 [system_system_cache_0_0_default]
Compiling module xil_defaultlib.ICache_Controller
Compiling module xil_defaultlib.System_ICache_Controller_0_0
Compiling architecture rtl of entity axi_apb_bridge_v3_0_20.psel_decoder [\psel_decoder(c_family="zynquplu...]
Compiling architecture rtl of entity axi_apb_bridge_v3_0_20.multiplexor [\multiplexor(c_apb_num_slaves=1)...]
Compiling architecture rtl of entity axi_apb_bridge_v3_0_20.axilite_sif [\axilite_sif(c_family="zynquplus...]
Compiling architecture rtl of entity axi_apb_bridge_v3_0_20.apb_mif [\apb_mif(c_apb_num_slaves=1)(1,4...]
Compiling architecture rtl of entity axi_apb_bridge_v3_0_20.axi_apb_bridge [\axi_apb_bridge(c_family="zynqup...]
Compiling architecture system_axi_apb_bridge_0_0_arch of entity xil_defaultlib.System_axi_apb_bridge_0_0 [system_axi_apb_bridge_0_0_defaul...]
Compiling architecture implementation of entity axi_bram_ctrl_v4_1_11.sng_port_arb [\sng_port_arb(c_s_axi_addr_width...]
Compiling architecture implementation of entity axi_bram_ctrl_v4_1_11.ua_narrow [\ua_narrow(c_bram_addr_adjust_fa...]
Compiling architecture implementation of entity axi_bram_ctrl_v4_1_11.wrap_brst [\wrap_brst(c_axi_addr_width=18,c...]
Compiling architecture muxcy_l_v of entity unisim.MUXCY_L [muxcy_l_default]
Compiling architecture srl16e_v of entity unisim.SRL16E [\SRL16E(0,15)\]
Compiling architecture fdr_v of entity unisim.FDR [fdr_default]
Compiling architecture imp of entity axi_bram_ctrl_v4_1_11.SRL_FIFO [\SRL_FIFO(c_data_bits=3,c_depth=...]
Compiling architecture implementation of entity axi_bram_ctrl_v4_1_11.wr_chnl [\wr_chnl(c_axi_addr_width=18,c_a...]
Compiling architecture implementation of entity axi_bram_ctrl_v4_1_11.rd_chnl [\rd_chnl(c_axi_addr_width=18,c_a...]
Compiling architecture implementation of entity axi_bram_ctrl_v4_1_11.full_axi [\full_axi(c_s_axi_addr_width=18,...]
Compiling architecture implementation of entity axi_bram_ctrl_v4_1_11.axi_bram_ctrl_top [\axi_bram_ctrl_top(c_bram_addr_w...]
Compiling architecture implementation of entity axi_bram_ctrl_v4_1_11.axi_bram_ctrl [\axi_bram_ctrl(c_memory_depth=65...]
Compiling architecture system_axi_bram_ctrl_0_0_arch of entity xil_defaultlib.System_axi_bram_ctrl_0_0 [system_axi_bram_ctrl_0_0_default]
Compiling module blk_mem_gen_v8_4_9.blk_mem_gen_v8_4_9_output_stage(...
Compiling module blk_mem_gen_v8_4_9.blk_mem_gen_v8_4_9_output_stage(...
Compiling module blk_mem_gen_v8_4_9.blk_mem_gen_v8_4_9_softecc_outpu...
Compiling module blk_mem_gen_v8_4_9.blk_mem_gen_v8_4_9_mem_module(C_...
Compiling module blk_mem_gen_v8_4_9.blk_mem_gen_v8_4_9(C_FAMILY="zyn...
Compiling module xil_defaultlib.System_axi_bram_ctrl_0_bram_0
Compiling architecture implementation of entity axi_datamover_v5_1_35.axi_datamover_reset [axi_datamover_reset_default]
Compiling architecture imp of entity axi_datamover_v5_1_35.axi_datamover_fifo [\axi_datamover_fifo(c_dwidth=8,c...]
Compiling architecture imp of entity axi_datamover_v5_1_35.axi_datamover_fifo [\axi_datamover_fifo(c_dwidth=71,...]
Compiling architecture implementation of entity axi_datamover_v5_1_35.axi_datamover_cmd_status [\axi_datamover_cmd_status(c_stsc...]
Compiling architecture implementation of entity axi_datamover_v5_1_35.axi_datamover_rd_status_cntl [axi_datamover_rd_status_cntl_def...]
Compiling architecture implementation of entity axi_datamover_v5_1_35.axi_datamover_strb_gen2 [\axi_datamover_strb_gen2(c_strb_...]
Compiling architecture implementation of entity axi_datamover_v5_1_35.axi_datamover_strb_gen2 [\axi_datamover_strb_gen2(c_op_mo...]
Compiling architecture implementation of entity axi_datamover_v5_1_35.axi_datamover_pcc [\axi_datamover_pcc(c_is_mm2s=1,c...]
Compiling architecture imp of entity lib_srl_fifo_v1_0_4.cntr_incr_decr_addn_f [\cntr_incr_decr_addn_f(c_size=3,...]
Compiling architecture behavioral of entity lib_srl_fifo_v1_0_4.dynshreg_f [\dynshreg_f(c_depth=4,c_dwidth=5...]
Compiling architecture imp of entity lib_srl_fifo_v1_0_4.srl_fifo_rbu_f [\srl_fifo_rbu_f(c_dwidth=59,c_de...]
Compiling architecture imp of entity lib_srl_fifo_v1_0_4.srl_fifo_f [\srl_fifo_f(c_dwidth=59,c_depth=...]
Compiling architecture imp of entity axi_datamover_v5_1_35.axi_datamover_fifo [\axi_datamover_fifo(c_dwidth=59,...]
Compiling architecture implementation of entity axi_datamover_v5_1_35.axi_datamover_addr_cntl [\axi_datamover_addr_cntl(c_famil...]
Compiling architecture behavioral of entity lib_srl_fifo_v1_0_4.dynshreg_f [\dynshreg_f(c_depth=4,c_dwidth=2...]
Compiling architecture imp of entity lib_srl_fifo_v1_0_4.srl_fifo_rbu_f [\srl_fifo_rbu_f(c_dwidth=29,c_de...]
Compiling architecture imp of entity lib_srl_fifo_v1_0_4.srl_fifo_f [\srl_fifo_f(c_dwidth=29,c_depth=...]
Compiling architecture imp of entity axi_datamover_v5_1_35.axi_datamover_fifo [\axi_datamover_fifo(c_dwidth=29,...]
Compiling architecture implementation of entity axi_datamover_v5_1_35.axi_datamover_rdmux [\axi_datamover_rdmux(c_sel_addr_...]
Compiling architecture implementation of entity axi_datamover_v5_1_35.axi_datamover_rddata_cntl [\axi_datamover_rddata_cntl(c_ali...]
Compiling architecture implementation of entity axi_datamover_v5_1_35.axi_datamover_mm2s_full_wrap [\axi_datamover_mm2s_full_wrap(c_...]
Compiling architecture implementation of entity axi_datamover_v5_1_35.axi_datamover_pcc [\axi_datamover_pcc(c_dre_align_w...]
Compiling architecture behavioral of entity lib_srl_fifo_v1_0_4.dynshreg_f [\dynshreg_f(c_depth=6,c_dwidth=7...]
Compiling architecture imp of entity lib_srl_fifo_v1_0_4.srl_fifo_rbu_f [\srl_fifo_rbu_f(c_dwidth=7,c_dep...]
Compiling architecture imp of entity lib_srl_fifo_v1_0_4.srl_fifo_f [\srl_fifo_f(c_dwidth=7,c_depth=6...]
Compiling architecture imp of entity axi_datamover_v5_1_35.axi_datamover_fifo [\axi_datamover_fifo(c_dwidth=7,c...]
Compiling architecture imp of entity lib_srl_fifo_v1_0_4.cntr_incr_decr_addn_f [\cntr_incr_decr_addn_f(c_size=4,...]
Compiling architecture behavioral of entity lib_srl_fifo_v1_0_4.dynshreg_f [\dynshreg_f(c_depth=6,c_dwidth=2...]
Compiling architecture imp of entity lib_srl_fifo_v1_0_4.srl_fifo_rbu_f [\srl_fifo_rbu_f(c_dwidth=2,c_dep...]
Compiling architecture imp of entity lib_srl_fifo_v1_0_4.srl_fifo_f [\srl_fifo_f(c_dwidth=2,c_depth=6...]
Compiling architecture imp of entity axi_datamover_v5_1_35.axi_datamover_fifo [\axi_datamover_fifo(c_dwidth=2,c...]
Compiling architecture implementation of entity axi_datamover_v5_1_35.axi_datamover_wr_status_cntl [\axi_datamover_wr_status_cntl(c_...]
Compiling architecture implementation of entity axi_datamover_v5_1_35.axi_datamover_addr_cntl [\axi_datamover_addr_cntl(c_addr_...]
Compiling architecture behavioral of entity lib_srl_fifo_v1_0_4.dynshreg_f [\dynshreg_f(c_depth=4,c_dwidth=2...]
Compiling architecture imp of entity lib_srl_fifo_v1_0_4.srl_fifo_rbu_f [\srl_fifo_rbu_f(c_dwidth=27,c_de...]
Compiling architecture imp of entity lib_srl_fifo_v1_0_4.srl_fifo_f [\srl_fifo_f(c_dwidth=27,c_depth=...]
Compiling architecture imp of entity axi_datamover_v5_1_35.axi_datamover_fifo [\axi_datamover_fifo(c_dwidth=27,...]
Compiling architecture implementation of entity axi_datamover_v5_1_35.axi_datamover_wrdata_cntl [\axi_datamover_wrdata_cntl(c_sf_...]
Compiling architecture implementation of entity axi_datamover_v5_1_35.axi_datamover_wr_demux [\axi_datamover_wr_demux(c_sel_ad...]
Compiling architecture implementation of entity axi_datamover_v5_1_35.axi_datamover_skid2mm_buf [\axi_datamover_skid2mm_buf(c_add...]
Compiling architecture implementation of entity axi_datamover_v5_1_35.axi_datamover_s2mm_full_wrap [\axi_datamover_s2mm_full_wrap(c_...]
Compiling architecture implementation of entity axi_datamover_v5_1_35.axi_datamover [\axi_datamover(c_include_mm2s=1,...]
Compiling architecture implementation of entity axi_cdma_v4_1_33.axi_cdma_pulse_gen [\axi_cdma_pulse_gen(c_pulse_widt...]
Compiling architecture implementation of entity axi_cdma_v4_1_33.axi_cdma_pulse_gen [\axi_cdma_pulse_gen(c_pos_edge_t...]
Compiling architecture implementation of entity axi_cdma_v4_1_33.axi_cdma_pulse_gen [\axi_cdma_pulse_gen(c_pulse_widt...]
Compiling architecture implementation of entity axi_cdma_v4_1_33.axi_cdma_reset [axi_cdma_reset_default]
Compiling architecture implementation of entity axi_cdma_v4_1_33.axi_cdma_lite_if [\axi_cdma_lite_if(c_num_ce=16,c_...]
Compiling architecture implementation of entity axi_cdma_v4_1_33.axi_cdma_register [\axi_cdma_register(c_num_registe...]
Compiling architecture implementation of entity axi_cdma_v4_1_33.axi_cdma_reg_module [axi_cdma_reg_module_default]
Compiling architecture implementation of entity axi_cdma_v4_1_33.axi_cdma_simple_cntlr [\axi_cdma_simple_cntlr(c_dm_cmd_...]
Compiling architecture implementation of entity axi_cdma_v4_1_33.axi_cdma_simple_wrap [\axi_cdma_simple_wrap(c_include_...]
Compiling architecture implementation of entity axi_cdma_v4_1_33.axi_cdma [\axi_cdma(c_include_sf=0,c_dlytm...]
Compiling architecture system_axi_cdma_0_0_arch of entity xil_defaultlib.System_axi_cdma_0_0 [system_axi_cdma_0_0_default]
Compiling module xil_defaultlib.m00_couplers_imp_KWQTNF
Compiling module axi_infrastructure_v1_1_0.axi_infrastructure_v1_1_0_axi2ve...
Compiling module axi_infrastructure_v1_1_0.axi_infrastructure_v1_1_0_vector...
Compiling module axi_register_slice_v2_1_33.axi_register_slice_v2_1_33_axic_...
Compiling module axi_register_slice_v2_1_33.axi_register_slice_v2_1_33_axic_...
Compiling module axi_register_slice_v2_1_33.axi_register_slice_v2_1_33_axic_...
Compiling module axi_register_slice_v2_1_33.axi_register_slice_v2_1_33_axic_...
Compiling module axi_register_slice_v2_1_33.axi_register_slice_v2_1_33_axi_r...
Compiling module axi_protocol_converter_v2_1_33.axi_protocol_converter_v2_1_33_b...
Compiling module axi_protocol_converter_v2_1_33.axi_protocol_converter_v2_1_33_b...
Compiling module axi_protocol_converter_v2_1_33.axi_protocol_converter_v2_1_33_b...
Compiling module axi_protocol_converter_v2_1_33.axi_protocol_converter_v2_1_33_b...
Compiling module axi_protocol_converter_v2_1_33.axi_protocol_converter_v2_1_33_b...
Compiling module axi_protocol_converter_v2_1_33.axi_protocol_converter_v2_1_33_b...
Compiling module axi_protocol_converter_v2_1_33.axi_protocol_converter_v2_1_33_b...
Compiling module axi_protocol_converter_v2_1_33.axi_protocol_converter_v2_1_33_b...
Compiling module axi_protocol_converter_v2_1_33.axi_protocol_converter_v2_1_33_b...
Compiling module axi_protocol_converter_v2_1_33.axi_protocol_converter_v2_1_33_b...
Compiling module axi_protocol_converter_v2_1_33.axi_protocol_converter_v2_1_33_b...
Compiling module axi_protocol_converter_v2_1_33.axi_protocol_converter_v2_1_33_b...
Compiling module axi_protocol_converter_v2_1_33.axi_protocol_converter_v2_1_33_b...
Compiling module axi_infrastructure_v1_1_0.axi_infrastructure_v1_1_0_axi2ve...
Compiling module axi_infrastructure_v1_1_0.axi_infrastructure_v1_1_0_vector...
Compiling module axi_register_slice_v2_1_33.axi_register_slice_v2_1_33_axic_...
Compiling module axi_register_slice_v2_1_33.axi_register_slice_v2_1_33_axic_...
Compiling module axi_register_slice_v2_1_33.axi_register_slice_v2_1_33_axic_...
Compiling module axi_register_slice_v2_1_33.axi_register_slice_v2_1_33_axic_...
Compiling module axi_register_slice_v2_1_33.axi_register_slice_v2_1_33_axi_r...
Compiling module axi_protocol_converter_v2_1_33.axi_protocol_converter_v2_1_33_b...
Compiling module axi_protocol_converter_v2_1_33.axi_protocol_converter_v2_1_33_a...
Compiling module xil_defaultlib.System_axi_interconnect_0_imp_au...
Compiling module xil_defaultlib.m01_couplers_imp_1RLGWEI
Compiling module xil_defaultlib.s00_couplers_imp_YMT0JU
Compiling module axi_mmu_v2_1_31.axi_mmu_v2_1_31_addr_decoder(C_F...
Compiling module axi_mmu_v2_1_31.axi_mmu_v2_1_31_decerr_slave(C_R...
Compiling module axi_infrastructure_v1_1_0.axi_infrastructure_v1_1_0_axi2ve...
Compiling module axi_infrastructure_v1_1_0.axi_infrastructure_v1_1_0_vector...
Compiling module axi_register_slice_v2_1_33.axi_register_slice_v2_1_33_axic_...
Compiling module axi_register_slice_v2_1_33.axi_register_slice_v2_1_33_axic_...
Compiling module axi_register_slice_v2_1_33.axi_register_slice_v2_1_33_axic_...
Compiling module axi_register_slice_v2_1_33.axi_register_slice_v2_1_33_axic_...
Compiling module axi_register_slice_v2_1_33.axi_register_slice_v2_1_33_axi_r...
Compiling module axi_mmu_v2_1_31.axi_mmu_v2_1_31_top(C_FAMILY="zy...
Compiling module xil_defaultlib.System_axi_interconnect_0_imp_s0...
Compiling module xil_defaultlib.s01_couplers_imp_1MGX6L7
Compiling module xil_defaultlib.System_axi_interconnect_0_imp_s0...
Compiling module xil_defaultlib.s02_couplers_imp_1XRMRFT
Compiling module generic_baseblocks_v2_1_2.generic_baseblocks_v2_1_2_carry_...
Compiling module generic_baseblocks_v2_1_2.generic_baseblocks_v2_1_2_compar...
Compiling module axi_crossbar_v2_1_34.axi_crossbar_v2_1_34_addr_decode...
Compiling module axi_crossbar_v2_1_34.axi_crossbar_v2_1_34_arbiter_res...
Compiling module generic_baseblocks_v2_1_2.generic_baseblocks_v2_1_2_mux_en...
Compiling module axi_data_fifo_v2_1_32.axi_data_fifo_v2_1_32_ndeep_srl(...
Compiling module axi_data_fifo_v2_1_32.axi_data_fifo_v2_1_32_axic_srl_f...
Compiling module axi_crossbar_v2_1_34.axi_crossbar_v2_1_34_si_transact...
Compiling module generic_baseblocks_v2_1_2.generic_baseblocks_v2_1_2_mux_en...
Compiling module axi_crossbar_v2_1_34.axi_crossbar_v2_1_34_si_transact...
Compiling module axi_crossbar_v2_1_34.axi_crossbar_v2_1_34_splitter
Compiling module axi_data_fifo_v2_1_32.axi_data_fifo_v2_1_32_axic_reg_s...
Compiling module axi_crossbar_v2_1_34.axi_crossbar_v2_1_34_wdata_route...
Compiling module axi_crossbar_v2_1_34.axi_crossbar_v2_1_34_si_transact...
Compiling module axi_crossbar_v2_1_34.axi_crossbar_v2_1_34_si_transact...
Compiling module generic_baseblocks_v2_1_2.generic_baseblocks_v2_1_2_compar...
Compiling module axi_crossbar_v2_1_34.axi_crossbar_v2_1_34_addr_decode...
Compiling module axi_crossbar_v2_1_34.axi_crossbar_v2_1_34_si_transact...
Compiling module axi_crossbar_v2_1_34.axi_crossbar_v2_1_34_si_transact...
Compiling module axi_crossbar_v2_1_34.axi_crossbar_v2_1_34_addr_decode...
Compiling module axi_data_fifo_v2_1_32.axi_data_fifo_v2_1_32_axic_reg_s...
Compiling module generic_baseblocks_v2_1_2.generic_baseblocks_v2_1_2_mux_en...
Compiling module axi_crossbar_v2_1_34.axi_crossbar_v2_1_34_wdata_mux(C...
Compiling module axi_data_fifo_v2_1_32.axi_data_fifo_v2_1_32_axic_srl_f...
Compiling module axi_infrastructure_v1_1_0.axi_infrastructure_v1_1_0_axi2ve...
Compiling module axi_infrastructure_v1_1_0.axi_infrastructure_v1_1_0_vector...
Compiling module axi_register_slice_v2_1_33.axi_register_slice_v2_1_33_axic_...
Compiling module axi_register_slice_v2_1_33.axi_register_slice_v2_1_33_axic_...
Compiling module axi_register_slice_v2_1_33.axi_register_slice_v2_1_33_axic_...
Compiling module axi_register_slice_v2_1_33.axi_register_slice_v2_1_33_axic_...
Compiling module axi_register_slice_v2_1_33.axi_register_slice_v2_1_33_axi_r...
Compiling module axi_crossbar_v2_1_34.axi_crossbar_v2_1_34_addr_decode...
Compiling module axi_data_fifo_v2_1_32.axi_data_fifo_v2_1_32_axic_reg_s...
Compiling module axi_crossbar_v2_1_34.axi_crossbar_v2_1_34_wdata_mux(C...
Compiling module axi_data_fifo_v2_1_32.axi_data_fifo_v2_1_32_axic_srl_f...
Compiling module generic_baseblocks_v2_1_2.generic_baseblocks_v2_1_2_mux_en...
Compiling module generic_baseblocks_v2_1_2.generic_baseblocks_v2_1_2_mux_en...
Compiling module axi_crossbar_v2_1_34.axi_crossbar_v2_1_34_addr_arbite...
Compiling module axi_crossbar_v2_1_34.axi_crossbar_v2_1_34_decerr_slav...
Compiling module axi_crossbar_v2_1_34.axi_crossbar_v2_1_34_crossbar(C_...
Compiling module axi_crossbar_v2_1_34.axi_crossbar_v2_1_34_axi_crossba...
Compiling module xil_defaultlib.System_axi_interconnect_0_upgrad...
Compiling module xil_defaultlib.System_axi_interconnect_0_0
Compiling architecture lut2_v of entity unisim.LUT2 [\LUT2(init="1000")(0,3)\]
Compiling architecture mult_and_v of entity unisim.MULT_AND [mult_and_default]
Compiling architecture xilinx of entity mult_gen_v12_0_22.op_resize [\op_resize(ai_width=32,bi_width=...]
Compiling architecture xilinx of entity mult_gen_v12_0_22.luts [\luts(c_xdevicefamily="zynquplus...]
Compiling architecture xilinx of entity mult_gen_v12_0_22.mult_gen_v12_0_22_viv [\mult_gen_v12_0_22_viv(c_verbosi...]
Compiling architecture xilinx of entity mult_gen_v12_0_22.mult_gen_v12_0_22 [\mult_gen_v12_0_22(c_xdevicefami...]
Compiling architecture system_mult_gen_0_0_arch of entity xil_defaultlib.System_mult_gen_0_0 [system_mult_gen_0_0_default]
Compiling architecture fdre_v of entity unisim.FDRE [\FDRE(init='1')\]
Compiling architecture implementation of entity lib_cdc_v1_0_3.cdc_sync [\cdc_sync(c_vector_width=2,c_mtb...]
Compiling architecture srl16e_v of entity unisim.SRL16E [\SRL16E(init="1111111111111111")...]
Compiling architecture srl16_v of entity unisim.SRL16 [\SRL16(init="1111111111111111")(...]
Compiling architecture imp of entity proc_sys_reset_v5_0_16.lpf [\lpf(c_ext_rst_width=4,c_aux_rst...]
Compiling architecture imp of entity proc_sys_reset_v5_0_16.upcnt_n [\upcnt_n(c_size=6)\]
Compiling architecture imp of entity proc_sys_reset_v5_0_16.sequence_psr [sequence_psr_default]
Compiling architecture imp of entity proc_sys_reset_v5_0_16.proc_sys_reset [\proc_sys_reset(c_family="zynqup...]
Compiling architecture system_proc_sys_reset_0_0_arch of entity xil_defaultlib.System_proc_sys_reset_0_0 [system_proc_sys_reset_0_0_defaul...]
Compiling module xil_defaultlib.System
Compiling module xil_defaultlib.System_wrapper
Compiling module xil_defaultlib.glbl
Built simulation snapshot System_wrapper_behav
